|-----------|-----------|-------------|---------------------------|
| NAMESPACE |   NAME    | TARGET PORT |            URL            |
|-----------|-----------|-------------|---------------------------|
| default   | easy-shop |        3000 | http://192.168.49.2:31939 |
|-----------|-----------|-------------|---------------------------|
* Starting tunnel for service easy-shop.
|-----------|-----------|-------------|------------------------|
| NAMESPACE |   NAME    | TARGET PORT |          URL           |
|-----------|-----------|-------------|------------------------|
| default   | easy-shop |             | http://127.0.0.1:50185 |
|-----------|-----------|-------------|------------------------|
* Opening service default/easy-shop in default browser...
! Because you are using a Docker driver on darwin, the terminal needs to be open to run it.
* Verifying dashboard health ...
* Launching proxy ...
* Verifying proxy health ...
* Opening http://127.0.0.1:51163/api/v1/namespaces/kubernetes-dashboard/services/http:kubernetes-dashboard:/proxy/ in your default browser...
* Verifying dashboard health ...
* Launching proxy ...
* Verifying proxy health ...
* Opening http://127.0.0.1:51215/api/v1/namespaces/kubernetes-dashboard/services/http:kubernetes-dashboard:/proxy/ in your default browser...
* Verifying dashboard health ...
* Launching proxy ...
* Verifying proxy health ...
* Opening http://127.0.0.1:49962/api/v1/namespaces/kubernetes-dashboard/services/http:kubernetes-dashboard:/proxy/ in your default browser...
|-----------|-----------|-------------|---------------------------|
| NAMESPACE |   NAME    | TARGET PORT |            URL            |
|-----------|-----------|-------------|---------------------------|
| default   | easy-shop |        3000 | http://192.168.49.2:31939 |
|-----------|-----------|-------------|---------------------------|
* Starting tunnel for service easy-shop.
|-----------|-----------|-------------|------------------------|
| NAMESPACE |   NAME    | TARGET PORT |          URL           |
|-----------|-----------|-------------|------------------------|
| default   | easy-shop |             | http://127.0.0.1:50110 |
|-----------|-----------|-------------|------------------------|
* Opening service default/easy-shop in default browser...
! Because you are using a Docker driver on darwin, the terminal needs to be open to run it.
